#-----------------------------------------------------------
# Vivado v2024.2 (64-bit)
# SW Build 5239630 on Fri Nov 08 22:35:27 MST 2024
# IP Build 5239520 on Sun Nov 10 16:12:51 MST 2024
# SharedData Build 5239561 on Fri Nov 08 14:39:27 MST 2024
# Start of session at: Sun Jul 27 11:52:20 2025
# Process ID         : 3716
# Current directory  : C:/Users/satyam/Desktop/Enhanced_single_cycle_risc-v_processor
# Command line       : vivado.exe -gui_launcher_event rodinguilauncherevent19932 C:\Users\satyam\Desktop\Enhanced_single_cycle_risc-v_processor\Enhanced_single_cycle_risc-v_processor.xpr
# Log file           : C:/Users/satyam/Desktop/Enhanced_single_cycle_risc-v_processor/vivado.log
# Journal file       : C:/Users/satyam/Desktop/Enhanced_single_cycle_risc-v_processor\vivado.jou
# Running On         : LAPTOP-G48CMOUF
# Platform           : Windows Server 2016 or Windows 10
# Operating System   : 26100
# Processor Detail   : Intel(R) Core(TM) i5-9300H CPU @ 2.40GHz
# CPU Frequency      : 2400 MHz
# CPU Physical cores : 4
# CPU Logical cores  : 8
# Host memory        : 8419 MB
# Swap memory        : 11274 MB
# Total Virtual      : 19693 MB
# Available Virtual  : 9893 MB
#-----------------------------------------------------------
start_gui
open_project C:/Users/satyam/Desktop/Enhanced_single_cycle_risc-v_processor/Enhanced_single_cycle_risc-v_processor.xpr
INFO: [filemgmt 56-3] Default IP Output Path : Could not find the directory 'C:/Users/satyam/Desktop/Enhanced_single_cycle_risc-v_processor/Enhanced_single_cycle_risc-v_processor.gen/sources_1'.
Scanning sources...
Finished scanning sources
INFO: [IP_Flow 19-234] Refreshing IP repositories
INFO: [IP_Flow 19-1704] No user IP repositories specified
INFO: [IP_Flow 19-2313] Loaded Vivado IP repository 'C:/Users/satyam/Desktop/Sanchay/Vivado/2024.2/data/ip'.
open_project: Time (s): cpu = 00:00:19 ; elapsed = 00:00:08 . Memory (MB): peak = 1219.785 ; gain = 105.281
update_compile_order -fileset sources_1
exit
INFO: [Common 17-206] Exiting Vivado at Sun Jul 27 11:52:57 2025...
